[2021-09-18 06:43:36] local.ERROR: View [welcome] not found. {"exception":"[object] (InvalidArgumentException(code: 0): View [welcome] not found. at /home/classic/Desktop/Laravel/laravel-file-manager-spatie/vendor/laravel/framework/src/Illuminate/View/FileViewFinder.php:137)
[stacktrace]
#0 /home/classic/Desktop/Laravel/laravel-file-manager-spatie/vendor/laravel/framework/src/Illuminate/View/FileViewFinder.php(79): Illuminate\\View\\FileViewFinder->findInPaths()
#1 /home/classic/Desktop/Laravel/laravel-file-manager-spatie/vendor/laravel/framework/src/Illuminate/View/Factory.php(138): Illuminate\\View\\FileViewFinder->find()
#2 /home/classic/Desktop/Laravel/laravel-file-manager-spatie/vendor/laravel/framework/src/Illuminate/Foundation/helpers.php(919): Illuminate\\View\\Factory->make()
#3 closure://function () {
    return \\view('welcome');
}(3): view()
#4 /home/classic/Desktop/Laravel/laravel-file-manager-spatie/vendor/laravel/framework/src/Illuminate/Routing/Route.php(230): Illuminate\\Routing\\RouteFileRegistrar::{closure}()
#5 /home/classic/Desktop/Laravel/laravel-file-manager-spatie/vendor/laravel/framework/src/Illuminate/Routing/Route.php(200): Illuminate\\Routing\\Route->runCallable()
#6 /home/classic/Desktop/Laravel/laravel-file-manager-spatie/vendor/laravel/framework/src/Illuminate/Routing/Router.php(695): Illuminate\\Routing\\Route->run()
#7 /home/classic/Desktop/Laravel/laravel-file-manager-spatie/vendor/laravel/framework/src/Illuminate/Pipeline/Pipeline.php(128): Illuminate\\Routing\\Router->Illuminate\\Routing\\{closure}()
#8 /home/classic/Desktop/Laravel/laravel-file-manager-spatie/vendor/laravel/framework/src/Illuminate/Routing/Middleware/SubstituteBindings.php(50): Illuminate\\Pipeline\\Pipeline->Illuminate\\Pipeline\\{closure}()
#9 /home/classic/Desktop/Laravel/laravel-file-manager-spatie/vendor/laravel/framework/src/Illuminate/Pipeline/Pipeline.php(167): Illuminate\\Routing\\Middleware\\SubstituteBindings->handle()
#10 /home/classic/Desktop/Laravel/laravel-file-manager-spatie/vendor/laravel/framework/src/Illuminate/Foundation/Http/Middleware/VerifyCsrfToken.php(78): Illuminate\\Pipeline\\Pipeline->Illuminate\\Pipeline\\{closure}()
#11 /home/classic/Desktop/Laravel/laravel-file-manager-spatie/vendor/laravel/framework/src/Illuminate/Pipeline/Pipeline.php(167): Illuminate\\Foundation\\Http\\Middleware\\VerifyCsrfToken->handle()
#12 /home/classic/Desktop/Laravel/laravel-file-manager-spatie/vendor/laravel/framework/src/Illuminate/View/Middleware/ShareErrorsFromSession.php(49): Illuminate\\Pipeline\\Pipeline->Illuminate\\Pipeline\\{closure}()
#13 /home/classic/Desktop/Laravel/laravel-file-manager-spatie/vendor/laravel/framework/src/Illuminate/Pipeline/Pipeline.php(167): Illuminate\\View\\Middleware\\ShareErrorsFromSession->handle()
#14 /home/classic/Desktop/Laravel/laravel-file-manager-spatie/vendor/laravel/framework/src/Illuminate/Session/Middleware/StartSession.php(121): Illuminate\\Pipeline\\Pipeline->Illuminate\\Pipeline\\{closure}()
#15 /home/classic/Desktop/Laravel/laravel-file-manager-spatie/vendor/laravel/framework/src/Illuminate/Session/Middleware/StartSession.php(64): Illuminate\\Session\\Middleware\\StartSession->handleStatefulRequest()
#16 /home/classic/Desktop/Laravel/laravel-file-manager-spatie/vendor/laravel/framework/src/Illuminate/Pipeline/Pipeline.php(167): Illuminate\\Session\\Middleware\\StartSession->handle()
#17 /home/classic/Desktop/Laravel/laravel-file-manager-spatie/vendor/laravel/framework/src/Illuminate/Cookie/Middleware/AddQueuedCookiesToResponse.php(37): Illuminate\\Pipeline\\Pipeline->Illuminate\\Pipeline\\{closure}()
#18 /home/classic/Desktop/Laravel/laravel-file-manager-spatie/vendor/laravel/framework/src/Illuminate/Pipeline/Pipeline.php(167): Illuminate\\Cookie\\Middleware\\AddQueuedCookiesToResponse->handle()
#19 /home/classic/Desktop/Laravel/laravel-file-manager-spatie/vendor/laravel/framework/src/Illuminate/Cookie/Middleware/EncryptCookies.php(67): Illuminate\\Pipeline\\Pipeline->Illuminate\\Pipeline\\{closure}()
#20 /home/classic/Desktop/Laravel/laravel-file-manager-spatie/vendor/laravel/framework/src/Illuminate/Pipeline/Pipeline.php(167): Illuminate\\Cookie\\Middleware\\EncryptCookies->handle()
#21 /home/classic/Desktop/Laravel/laravel-file-manager-spatie/vendor/laravel/framework/src/Illuminate/Pipeline/Pipeline.php(103): Illuminate\\Pipeline\\Pipeline->Illuminate\\Pipeline\\{closure}()
#22 /home/classic/Desktop/Laravel/laravel-file-manager-spatie/vendor/laravel/framework/src/Illuminate/Routing/Router.php(697): Illuminate\\Pipeline\\Pipeline->then()
#23 /home/classic/Desktop/Laravel/laravel-file-manager-spatie/vendor/laravel/framework/src/Illuminate/Routing/Router.php(672): Illuminate\\Routing\\Router->runRouteWithinStack()
#24 /home/classic/Desktop/Laravel/laravel-file-manager-spatie/vendor/laravel/framework/src/Illuminate/Routing/Router.php(636): Illuminate\\Routing\\Router->runRoute()
#25 /home/classic/Desktop/Laravel/laravel-file-manager-spatie/vendor/laravel/framework/src/Illuminate/Routing/Router.php(625): Illuminate\\Routing\\Router->dispatchToRoute()
#26 /home/classic/Desktop/Laravel/laravel-file-manager-spatie/vendor/laravel/framework/src/Illuminate/Foundation/Http/Kernel.php(166): Illuminate\\Routing\\Router->dispatch()
#27 /home/classic/Desktop/Laravel/laravel-file-manager-spatie/vendor/laravel/framework/src/Illuminate/Pipeline/Pipeline.php(128): Illuminate\\Foundation\\Http\\Kernel->Illuminate\\Foundation\\Http\\{closure}()
#28 /home/classic/Desktop/Laravel/laravel-file-manager-spatie/vendor/laravel/framework/src/Illuminate/Foundation/Http/Middleware/TransformsRequest.php(21): Illuminate\\Pipeline\\Pipeline->Illuminate\\Pipeline\\{closure}()
#29 /home/classic/Desktop/Laravel/laravel-file-manager-spatie/vendor/laravel/framework/src/Illuminate/Foundation/Http/Middleware/ConvertEmptyStringsToNull.php(31): Illuminate\\Foundation\\Http\\Middleware\\TransformsRequest->handle()
#30 /home/classic/Desktop/Laravel/laravel-file-manager-spatie/vendor/laravel/framework/src/Illuminate/Pipeline/Pipeline.php(167): Illuminate\\Foundation\\Http\\Middleware\\ConvertEmptyStringsToNull->handle()
#31 /home/classic/Desktop/Laravel/laravel-file-manager-spatie/vendor/laravel/framework/src/Illuminate/Foundation/Http/Middleware/TransformsRequest.php(21): Illuminate\\Pipeline\\Pipeline->Illuminate\\Pipeline\\{closure}()
#32 /home/classic/Desktop/Laravel/laravel-file-manager-spatie/vendor/laravel/framework/src/Illuminate/Foundation/Http/Middleware/TrimStrings.php(40): Illuminate\\Foundation\\Http\\Middleware\\TransformsRequest->handle()
#33 /home/classic/Desktop/Laravel/laravel-file-manager-spatie/vendor/laravel/framework/src/Illuminate/Pipeline/Pipeline.php(167): Illuminate\\Foundation\\Http\\Middleware\\TrimStrings->handle()
#34 /home/classic/Desktop/Laravel/laravel-file-manager-spatie/vendor/laravel/framework/src/Illuminate/Foundation/Http/Middleware/ValidatePostSize.php(27): Illuminate\\Pipeline\\Pipeline->Illuminate\\Pipeline\\{closure}()
#35 /home/classic/Desktop/Laravel/laravel-file-manager-spatie/vendor/laravel/framework/src/Illuminate/Pipeline/Pipeline.php(167): Illuminate\\Foundation\\Http\\Middleware\\ValidatePostSize->handle()
#36 /home/classic/Desktop/Laravel/laravel-file-manager-spatie/vendor/laravel/framework/src/Illuminate/Foundation/Http/Middleware/PreventRequestsDuringMaintenance.php(86): Illuminate\\Pipeline\\Pipeline->Illuminate\\Pipeline\\{closure}()
#37 /home/classic/Desktop/Laravel/laravel-file-manager-spatie/vendor/laravel/framework/src/Illuminate/Pipeline/Pipeline.php(167): Illuminate\\Foundation\\Http\\Middleware\\PreventRequestsDuringMaintenance->handle()
#38 /home/classic/Desktop/Laravel/laravel-file-manager-spatie/vendor/fruitcake/laravel-cors/src/HandleCors.php(38): Illuminate\\Pipeline\\Pipeline->Illuminate\\Pipeline\\{closure}()
#39 /home/classic/Desktop/Laravel/laravel-file-manager-spatie/vendor/laravel/framework/src/Illuminate/Pipeline/Pipeline.php(167): Fruitcake\\Cors\\HandleCors->handle()
#40 /home/classic/Desktop/Laravel/laravel-file-manager-spatie/vendor/laravel/framework/src/Illuminate/Http/Middleware/TrustProxies.php(39): Illuminate\\Pipeline\\Pipeline->Illuminate\\Pipeline\\{closure}()
#41 /home/classic/Desktop/Laravel/laravel-file-manager-spatie/vendor/laravel/framework/src/Illuminate/Pipeline/Pipeline.php(167): Illuminate\\Http\\Middleware\\TrustProxies->handle()
#42 /home/classic/Desktop/Laravel/laravel-file-manager-spatie/vendor/laravel/framework/src/Illuminate/Pipeline/Pipeline.php(103): Illuminate\\Pipeline\\Pipeline->Illuminate\\Pipeline\\{closure}()
#43 /home/classic/Desktop/Laravel/laravel-file-manager-spatie/vendor/laravel/framework/src/Illuminate/Foundation/Http/Kernel.php(141): Illuminate\\Pipeline\\Pipeline->then()
#44 /home/classic/Desktop/Laravel/laravel-file-manager-spatie/vendor/laravel/framework/src/Illuminate/Foundation/Http/Kernel.php(110): Illuminate\\Foundation\\Http\\Kernel->sendRequestThroughRouter()
#45 /home/classic/Desktop/Laravel/laravel-file-manager-spatie/public/index.php(52): Illuminate\\Foundation\\Http\\Kernel->handle()
#46 /home/classic/Desktop/Laravel/laravel-file-manager-spatie/server.php(21): require_once('/home/classic/D...')
#47 {main}
"} 
[2021-09-18 06:43:38] local.ERROR: file_put_contents(/home/classic/Desktop/Laravel/laravel-file-manager/storage/framework/sessions/UEQ8qtvxLFnJseFiBz2ujfrgDn5CBfPjPPlZswsW): failed to open stream: No such file or directory {"exception":"[object] (ErrorException(code: 0): file_put_contents(/home/classic/Desktop/Laravel/laravel-file-manager/storage/framework/sessions/UEQ8qtvxLFnJseFiBz2ujfrgDn5CBfPjPPlZswsW): failed to open stream: No such file or directory at /home/classic/Desktop/Laravel/laravel-file-manager-spatie/vendor/laravel/framework/src/Illuminate/Filesystem/Filesystem.php:187)
[stacktrace]
#0 [internal function]: Illuminate\\Foundation\\Bootstrap\\HandleExceptions->handleError()
#1 /home/classic/Desktop/Laravel/laravel-file-manager-spatie/vendor/laravel/framework/src/Illuminate/Filesystem/Filesystem.php(187): file_put_contents()
#2 /home/classic/Desktop/Laravel/laravel-file-manager-spatie/vendor/laravel/framework/src/Illuminate/Session/FileSessionHandler.php(83): Illuminate\\Filesystem\\Filesystem->put()
#3 /home/classic/Desktop/Laravel/laravel-file-manager-spatie/vendor/laravel/framework/src/Illuminate/Session/Store.php(129): Illuminate\\Session\\FileSessionHandler->write()
#4 /home/classic/Desktop/Laravel/laravel-file-manager-spatie/vendor/laravel/framework/src/Illuminate/Session/Middleware/StartSession.php(236): Illuminate\\Session\\Store->save()
#5 /home/classic/Desktop/Laravel/laravel-file-manager-spatie/vendor/laravel/framework/src/Illuminate/Session/Middleware/StartSession.php(130): Illuminate\\Session\\Middleware\\StartSession->saveSession()
#6 /home/classic/Desktop/Laravel/laravel-file-manager-spatie/vendor/laravel/framework/src/Illuminate/Session/Middleware/StartSession.php(64): Illuminate\\Session\\Middleware\\StartSession->handleStatefulRequest()
#7 /home/classic/Desktop/Laravel/laravel-file-manager-spatie/vendor/laravel/framework/src/Illuminate/Pipeline/Pipeline.php(167): Illuminate\\Session\\Middleware\\StartSession->handle()
#8 /home/classic/Desktop/Laravel/laravel-file-manager-spatie/vendor/laravel/framework/src/Illuminate/Cookie/Middleware/AddQueuedCookiesToResponse.php(37): Illuminate\\Pipeline\\Pipeline->Illuminate\\Pipeline\\{closure}()
#9 /home/classic/Desktop/Laravel/laravel-file-manager-spatie/vendor/laravel/framework/src/Illuminate/Pipeline/Pipeline.php(167): Illuminate\\Cookie\\Middleware\\AddQueuedCookiesToResponse->handle()
#10 /home/classic/Desktop/Laravel/laravel-file-manager-spatie/vendor/laravel/framework/src/Illuminate/Cookie/Middleware/EncryptCookies.php(67): Illuminate\\Pipeline\\Pipeline->Illuminate\\Pipeline\\{closure}()
#11 /home/classic/Desktop/Laravel/laravel-file-manager-spatie/vendor/laravel/framework/src/Illuminate/Pipeline/Pipeline.php(167): Illuminate\\Cookie\\Middleware\\EncryptCookies->handle()
#12 /home/classic/Desktop/Laravel/laravel-file-manager-spatie/vendor/laravel/framework/src/Illuminate/Pipeline/Pipeline.php(103): Illuminate\\Pipeline\\Pipeline->Illuminate\\Pipeline\\{closure}()
#13 /home/classic/Desktop/Laravel/laravel-file-manager-spatie/vendor/laravel/framework/src/Illuminate/Routing/Router.php(697): Illuminate\\Pipeline\\Pipeline->then()
#14 /home/classic/Desktop/Laravel/laravel-file-manager-spatie/vendor/laravel/framework/src/Illuminate/Routing/Router.php(672): Illuminate\\Routing\\Router->runRouteWithinStack()
#15 /home/classic/Desktop/Laravel/laravel-file-manager-spatie/vendor/laravel/framework/src/Illuminate/Routing/Router.php(636): Illuminate\\Routing\\Router->runRoute()
#16 /home/classic/Desktop/Laravel/laravel-file-manager-spatie/vendor/laravel/framework/src/Illuminate/Routing/Router.php(625): Illuminate\\Routing\\Router->dispatchToRoute()
#17 /home/classic/Desktop/Laravel/laravel-file-manager-spatie/vendor/laravel/framework/src/Illuminate/Foundation/Http/Kernel.php(166): Illuminate\\Routing\\Router->dispatch()
#18 /home/classic/Desktop/Laravel/laravel-file-manager-spatie/vendor/laravel/framework/src/Illuminate/Pipeline/Pipeline.php(128): Illuminate\\Foundation\\Http\\Kernel->Illuminate\\Foundation\\Http\\{closure}()
#19 /home/classic/Desktop/Laravel/laravel-file-manager-spatie/vendor/laravel/framework/src/Illuminate/Foundation/Http/Middleware/TransformsRequest.php(21): Illuminate\\Pipeline\\Pipeline->Illuminate\\Pipeline\\{closure}()
#20 /home/classic/Desktop/Laravel/laravel-file-manager-spatie/vendor/laravel/framework/src/Illuminate/Foundation/Http/Middleware/ConvertEmptyStringsToNull.php(31): Illuminate\\Foundation\\Http\\Middleware\\TransformsRequest->handle()
#21 /home/classic/Desktop/Laravel/laravel-file-manager-spatie/vendor/laravel/framework/src/Illuminate/Pipeline/Pipeline.php(167): Illuminate\\Foundation\\Http\\Middleware\\ConvertEmptyStringsToNull->handle()
#22 /home/classic/Desktop/Laravel/laravel-file-manager-spatie/vendor/laravel/framework/src/Illuminate/Foundation/Http/Middleware/TransformsRequest.php(21): Illuminate\\Pipeline\\Pipeline->Illuminate\\Pipeline\\{closure}()
#23 /home/classic/Desktop/Laravel/laravel-file-manager-spatie/vendor/laravel/framework/src/Illuminate/Foundation/Http/Middleware/TrimStrings.php(40): Illuminate\\Foundation\\Http\\Middleware\\TransformsRequest->handle()
#24 /home/classic/Desktop/Laravel/laravel-file-manager-spatie/vendor/laravel/framework/src/Illuminate/Pipeline/Pipeline.php(167): Illuminate\\Foundation\\Http\\Middleware\\TrimStrings->handle()
#25 /home/classic/Desktop/Laravel/laravel-file-manager-spatie/vendor/laravel/framework/src/Illuminate/Foundation/Http/Middleware/ValidatePostSize.php(27): Illuminate\\Pipeline\\Pipeline->Illuminate\\Pipeline\\{closure}()
#26 /home/classic/Desktop/Laravel/laravel-file-manager-spatie/vendor/laravel/framework/src/Illuminate/Pipeline/Pipeline.php(167): Illuminate\\Foundation\\Http\\Middleware\\ValidatePostSize->handle()
#27 /home/classic/Desktop/Laravel/laravel-file-manager-spatie/vendor/laravel/framework/src/Illuminate/Foundation/Http/Middleware/PreventRequestsDuringMaintenance.php(86): Illuminate\\Pipeline\\Pipeline->Illuminate\\Pipeline\\{closure}()
#28 /home/classic/Desktop/Laravel/laravel-file-manager-spatie/vendor/laravel/framework/src/Illuminate/Pipeline/Pipeline.php(167): Illuminate\\Foundation\\Http\\Middleware\\PreventRequestsDuringMaintenance->handle()
#29 /home/classic/Desktop/Laravel/laravel-file-manager-spatie/vendor/fruitcake/laravel-cors/src/HandleCors.php(38): Illuminate\\Pipeline\\Pipeline->Illuminate\\Pipeline\\{closure}()
#30 /home/classic/Desktop/Laravel/laravel-file-manager-spatie/vendor/laravel/framework/src/Illuminate/Pipeline/Pipeline.php(167): Fruitcake\\Cors\\HandleCors->handle()
#31 /home/classic/Desktop/Laravel/laravel-file-manager-spatie/vendor/laravel/framework/src/Illuminate/Http/Middleware/TrustProxies.php(39): Illuminate\\Pipeline\\Pipeline->Illuminate\\Pipeline\\{closure}()
#32 /home/classic/Desktop/Laravel/laravel-file-manager-spatie/vendor/laravel/framework/src/Illuminate/Pipeline/Pipeline.php(167): Illuminate\\Http\\Middleware\\TrustProxies->handle()
#33 /home/classic/Desktop/Laravel/laravel-file-manager-spatie/vendor/laravel/framework/src/Illuminate/Pipeline/Pipeline.php(103): Illuminate\\Pipeline\\Pipeline->Illuminate\\Pipeline\\{closure}()
#34 /home/classic/Desktop/Laravel/laravel-file-manager-spatie/vendor/laravel/framework/src/Illuminate/Foundation/Http/Kernel.php(141): Illuminate\\Pipeline\\Pipeline->then()
#35 /home/classic/Desktop/Laravel/laravel-file-manager-spatie/vendor/laravel/framework/src/Illuminate/Foundation/Http/Kernel.php(110): Illuminate\\Foundation\\Http\\Kernel->sendRequestThroughRouter()
#36 /home/classic/Desktop/Laravel/laravel-file-manager-spatie/public/index.php(52): Illuminate\\Foundation\\Http\\Kernel->handle()
#37 /home/classic/Desktop/Laravel/laravel-file-manager-spatie/server.php(21): require_once('/home/classic/D...')
#38 {main}
"} 
[2021-09-18 06:44:21] local.ERROR: View [welcome] not found. {"exception":"[object] (InvalidArgumentException(code: 0): View [welcome] not found. at /home/classic/Desktop/Laravel/laravel-file-manager-spatie/vendor/laravel/framework/src/Illuminate/View/FileViewFinder.php:137)
[stacktrace]
#0 /home/classic/Desktop/Laravel/laravel-file-manager-spatie/vendor/laravel/framework/src/Illuminate/View/FileViewFinder.php(79): Illuminate\\View\\FileViewFinder->findInPaths()
#1 /home/classic/Desktop/Laravel/laravel-file-manager-spatie/vendor/laravel/framework/src/Illuminate/View/Factory.php(138): Illuminate\\View\\FileViewFinder->find()
#2 /home/classic/Desktop/Laravel/laravel-file-manager-spatie/vendor/laravel/framework/src/Illuminate/Foundation/helpers.php(919): Illuminate\\View\\Factory->make()
#3 closure://function () {
    return \\view('welcome');
}(3): view()
#4 /home/classic/Desktop/Laravel/laravel-file-manager-spatie/vendor/laravel/framework/src/Illuminate/Routing/Route.php(230): Illuminate\\Routing\\RouteFileRegistrar::{closure}()
#5 /home/classic/Desktop/Laravel/laravel-file-manager-spatie/vendor/laravel/framework/src/Illuminate/Routing/Route.php(200): Illuminate\\Routing\\Route->runCallable()
#6 /home/classic/Desktop/Laravel/laravel-file-manager-spatie/vendor/laravel/framework/src/Illuminate/Routing/Router.php(695): Illuminate\\Routing\\Route->run()
#7 /home/classic/Desktop/Laravel/laravel-file-manager-spatie/vendor/laravel/framework/src/Illuminate/Pipeline/Pipeline.php(128): Illuminate\\Routing\\Router->Illuminate\\Routing\\{closure}()
#8 /home/classic/Desktop/Laravel/laravel-file-manager-spatie/vendor/laravel/framework/src/Illuminate/Routing/Middleware/SubstituteBindings.php(50): Illuminate\\Pipeline\\Pipeline->Illuminate\\Pipeline\\{closure}()
#9 /home/classic/Desktop/Laravel/laravel-file-manager-spatie/vendor/laravel/framework/src/Illuminate/Pipeline/Pipeline.php(167): Illuminate\\Routing\\Middleware\\SubstituteBindings->handle()
#10 /home/classic/Desktop/Laravel/laravel-file-manager-spatie/vendor/laravel/framework/src/Illuminate/Foundation/Http/Middleware/VerifyCsrfToken.php(78): Illuminate\\Pipeline\\Pipeline->Illuminate\\Pipeline\\{closure}()
#11 /home/classic/Desktop/Laravel/laravel-file-manager-spatie/vendor/laravel/framework/src/Illuminate/Pipeline/Pipeline.php(167): Illuminate\\Foundation\\Http\\Middleware\\VerifyCsrfToken->handle()
#12 /home/classic/Desktop/Laravel/laravel-file-manager-spatie/vendor/laravel/framework/src/Illuminate/View/Middleware/ShareErrorsFromSession.php(49): Illuminate\\Pipeline\\Pipeline->Illuminate\\Pipeline\\{closure}()
#13 /home/classic/Desktop/Laravel/laravel-file-manager-spatie/vendor/laravel/framework/src/Illuminate/Pipeline/Pipeline.php(167): Illuminate\\View\\Middleware\\ShareErrorsFromSession->handle()
#14 /home/classic/Desktop/Laravel/laravel-file-manager-spatie/vendor/laravel/framework/src/Illuminate/Session/Middleware/StartSession.php(121): Illuminate\\Pipeline\\Pipeline->Illuminate\\Pipeline\\{closure}()
#15 /home/classic/Desktop/Laravel/laravel-file-manager-spatie/vendor/laravel/framework/src/Illuminate/Session/Middleware/StartSession.php(64): Illuminate\\Session\\Middleware\\StartSession->handleStatefulRequest()
#16 /home/classic/Desktop/Laravel/laravel-file-manager-spatie/vendor/laravel/framework/src/Illuminate/Pipeline/Pipeline.php(167): Illuminate\\Session\\Middleware\\StartSession->handle()
#17 /home/classic/Desktop/Laravel/laravel-file-manager-spatie/vendor/laravel/framework/src/Illuminate/Cookie/Middleware/AddQueuedCookiesToResponse.php(37): Illuminate\\Pipeline\\Pipeline->Illuminate\\Pipeline\\{closure}()
#18 /home/classic/Desktop/Laravel/laravel-file-manager-spatie/vendor/laravel/framework/src/Illuminate/Pipeline/Pipeline.php(167): Illuminate\\Cookie\\Middleware\\AddQueuedCookiesToResponse->handle()
#19 /home/classic/Desktop/Laravel/laravel-file-manager-spatie/vendor/laravel/framework/src/Illuminate/Cookie/Middleware/EncryptCookies.php(67): Illuminate\\Pipeline\\Pipeline->Illuminate\\Pipeline\\{closure}()
#20 /home/classic/Desktop/Laravel/laravel-file-manager-spatie/vendor/laravel/framework/src/Illuminate/Pipeline/Pipeline.php(167): Illuminate\\Cookie\\Middleware\\EncryptCookies->handle()
#21 /home/classic/Desktop/Laravel/laravel-file-manager-spatie/vendor/laravel/framework/src/Illuminate/Pipeline/Pipeline.php(103): Illuminate\\Pipeline\\Pipeline->Illuminate\\Pipeline\\{closure}()
#22 /home/classic/Desktop/Laravel/laravel-file-manager-spatie/vendor/laravel/framework/src/Illuminate/Routing/Router.php(697): Illuminate\\Pipeline\\Pipeline->then()
#23 /home/classic/Desktop/Laravel/laravel-file-manager-spatie/vendor/laravel/framework/src/Illuminate/Routing/Router.php(672): Illuminate\\Routing\\Router->runRouteWithinStack()
#24 /home/classic/Desktop/Laravel/laravel-file-manager-spatie/vendor/laravel/framework/src/Illuminate/Routing/Router.php(636): Illuminate\\Routing\\Router->runRoute()
#25 /home/classic/Desktop/Laravel/laravel-file-manager-spatie/vendor/laravel/framework/src/Illuminate/Routing/Router.php(625): Illuminate\\Routing\\Router->dispatchToRoute()
#26 /home/classic/Desktop/Laravel/laravel-file-manager-spatie/vendor/laravel/framework/src/Illuminate/Foundation/Http/Kernel.php(166): Illuminate\\Routing\\Router->dispatch()
#27 /home/classic/Desktop/Laravel/laravel-file-manager-spatie/vendor/laravel/framework/src/Illuminate/Pipeline/Pipeline.php(128): Illuminate\\Foundation\\Http\\Kernel->Illuminate\\Foundation\\Http\\{closure}()
#28 /home/classic/Desktop/Laravel/laravel-file-manager-spatie/vendor/laravel/framework/src/Illuminate/Foundation/Http/Middleware/TransformsRequest.php(21): Illuminate\\Pipeline\\Pipeline->Illuminate\\Pipeline\\{closure}()
#29 /home/classic/Desktop/Laravel/laravel-file-manager-spatie/vendor/laravel/framework/src/Illuminate/Foundation/Http/Middleware/ConvertEmptyStringsToNull.php(31): Illuminate\\Foundation\\Http\\Middleware\\TransformsRequest->handle()
#30 /home/classic/Desktop/Laravel/laravel-file-manager-spatie/vendor/laravel/framework/src/Illuminate/Pipeline/Pipeline.php(167): Illuminate\\Foundation\\Http\\Middleware\\ConvertEmptyStringsToNull->handle()
#31 /home/classic/Desktop/Laravel/laravel-file-manager-spatie/vendor/laravel/framework/src/Illuminate/Foundation/Http/Middleware/TransformsRequest.php(21): Illuminate\\Pipeline\\Pipeline->Illuminate\\Pipeline\\{closure}()
#32 /home/classic/Desktop/Laravel/laravel-file-manager-spatie/vendor/laravel/framework/src/Illuminate/Foundation/Http/Middleware/TrimStrings.php(40): Illuminate\\Foundation\\Http\\Middleware\\TransformsRequest->handle()
#33 /home/classic/Desktop/Laravel/laravel-file-manager-spatie/vendor/laravel/framework/src/Illuminate/Pipeline/Pipeline.php(167): Illuminate\\Foundation\\Http\\Middleware\\TrimStrings->handle()
#34 /home/classic/Desktop/Laravel/laravel-file-manager-spatie/vendor/laravel/framework/src/Illuminate/Foundation/Http/Middleware/ValidatePostSize.php(27): Illuminate\\Pipeline\\Pipeline->Illuminate\\Pipeline\\{closure}()
#35 /home/classic/Desktop/Laravel/laravel-file-manager-spatie/vendor/laravel/framework/src/Illuminate/Pipeline/Pipeline.php(167): Illuminate\\Foundation\\Http\\Middleware\\ValidatePostSize->handle()
#36 /home/classic/Desktop/Laravel/laravel-file-manager-spatie/vendor/laravel/framework/src/Illuminate/Foundation/Http/Middleware/PreventRequestsDuringMaintenance.php(86): Illuminate\\Pipeline\\Pipeline->Illuminate\\Pipeline\\{closure}()
#37 /home/classic/Desktop/Laravel/laravel-file-manager-spatie/vendor/laravel/framework/src/Illuminate/Pipeline/Pipeline.php(167): Illuminate\\Foundation\\Http\\Middleware\\PreventRequestsDuringMaintenance->handle()
#38 /home/classic/Desktop/Laravel/laravel-file-manager-spatie/vendor/fruitcake/laravel-cors/src/HandleCors.php(38): Illuminate\\Pipeline\\Pipeline->Illuminate\\Pipeline\\{closure}()
#39 /home/classic/Desktop/Laravel/laravel-file-manager-spatie/vendor/laravel/framework/src/Illuminate/Pipeline/Pipeline.php(167): Fruitcake\\Cors\\HandleCors->handle()
#40 /home/classic/Desktop/Laravel/laravel-file-manager-spatie/vendor/laravel/framework/src/Illuminate/Http/Middleware/TrustProxies.php(39): Illuminate\\Pipeline\\Pipeline->Illuminate\\Pipeline\\{closure}()
#41 /home/classic/Desktop/Laravel/laravel-file-manager-spatie/vendor/laravel/framework/src/Illuminate/Pipeline/Pipeline.php(167): Illuminate\\Http\\Middleware\\TrustProxies->handle()
#42 /home/classic/Desktop/Laravel/laravel-file-manager-spatie/vendor/laravel/framework/src/Illuminate/Pipeline/Pipeline.php(103): Illuminate\\Pipeline\\Pipeline->Illuminate\\Pipeline\\{closure}()
#43 /home/classic/Desktop/Laravel/laravel-file-manager-spatie/vendor/laravel/framework/src/Illuminate/Foundation/Http/Kernel.php(141): Illuminate\\Pipeline\\Pipeline->then()
#44 /home/classic/Desktop/Laravel/laravel-file-manager-spatie/vendor/laravel/framework/src/Illuminate/Foundation/Http/Kernel.php(110): Illuminate\\Foundation\\Http\\Kernel->sendRequestThroughRouter()
#45 /home/classic/Desktop/Laravel/laravel-file-manager-spatie/public/index.php(52): Illuminate\\Foundation\\Http\\Kernel->handle()
#46 /home/classic/Desktop/Laravel/laravel-file-manager-spatie/server.php(21): require_once('/home/classic/D...')
#47 {main}
"} 
[2021-09-18 06:44:21] local.ERROR: file_put_contents(/home/classic/Desktop/Laravel/laravel-file-manager/storage/framework/sessions/dwnRpuWAPsS6aoJSFGRLiPpq104bf7wy35PM0URi): failed to open stream: No such file or directory {"exception":"[object] (ErrorException(code: 0): file_put_contents(/home/classic/Desktop/Laravel/laravel-file-manager/storage/framework/sessions/dwnRpuWAPsS6aoJSFGRLiPpq104bf7wy35PM0URi): failed to open stream: No such file or directory at /home/classic/Desktop/Laravel/laravel-file-manager-spatie/vendor/laravel/framework/src/Illuminate/Filesystem/Filesystem.php:187)
[stacktrace]
#0 [internal function]: Illuminate\\Foundation\\Bootstrap\\HandleExceptions->handleError()
#1 /home/classic/Desktop/Laravel/laravel-file-manager-spatie/vendor/laravel/framework/src/Illuminate/Filesystem/Filesystem.php(187): file_put_contents()
#2 /home/classic/Desktop/Laravel/laravel-file-manager-spatie/vendor/laravel/framework/src/Illuminate/Session/FileSessionHandler.php(83): Illuminate\\Filesystem\\Filesystem->put()
#3 /home/classic/Desktop/Laravel/laravel-file-manager-spatie/vendor/laravel/framework/src/Illuminate/Session/Store.php(129): Illuminate\\Session\\FileSessionHandler->write()
#4 /home/classic/Desktop/Laravel/laravel-file-manager-spatie/vendor/laravel/framework/src/Illuminate/Session/Middleware/StartSession.php(236): Illuminate\\Session\\Store->save()
#5 /home/classic/Desktop/Laravel/laravel-file-manager-spatie/vendor/laravel/framework/src/Illuminate/Session/Middleware/StartSession.php(130): Illuminate\\Session\\Middleware\\StartSession->saveSession()
#6 /home/classic/Desktop/Laravel/laravel-file-manager-spatie/vendor/laravel/framework/src/Illuminate/Session/Middleware/StartSession.php(64): Illuminate\\Session\\Middleware\\StartSession->handleStatefulRequest()
#7 /home/classic/Desktop/Laravel/laravel-file-manager-spatie/vendor/laravel/framework/src/Illuminate/Pipeline/Pipeline.php(167): Illuminate\\Session\\Middleware\\StartSession->handle()
#8 /home/classic/Desktop/Laravel/laravel-file-manager-spatie/vendor/laravel/framework/src/Illuminate/Cookie/Middleware/AddQueuedCookiesToResponse.php(37): Illuminate\\Pipeline\\Pipeline->Illuminate\\Pipeline\\{closure}()
#9 /home/classic/Desktop/Laravel/laravel-file-manager-spatie/vendor/laravel/framework/src/Illuminate/Pipeline/Pipeline.php(167): Illuminate\\Cookie\\Middleware\\AddQueuedCookiesToResponse->handle()
#10 /home/classic/Desktop/Laravel/laravel-file-manager-spatie/vendor/laravel/framework/src/Illuminate/Cookie/Middleware/EncryptCookies.php(67): Illuminate\\Pipeline\\Pipeline->Illuminate\\Pipeline\\{closure}()
#11 /home/classic/Desktop/Laravel/laravel-file-manager-spatie/vendor/laravel/framework/src/Illuminate/Pipeline/Pipeline.php(167): Illuminate\\Cookie\\Middleware\\EncryptCookies->handle()
#12 /home/classic/Desktop/Laravel/laravel-file-manager-spatie/vendor/laravel/framework/src/Illuminate/Pipeline/Pipeline.php(103): Illuminate\\Pipeline\\Pipeline->Illuminate\\Pipeline\\{closure}()
#13 /home/classic/Desktop/Laravel/laravel-file-manager-spatie/vendor/laravel/framework/src/Illuminate/Routing/Router.php(697): Illuminate\\Pipeline\\Pipeline->then()
#14 /home/classic/Desktop/Laravel/laravel-file-manager-spatie/vendor/laravel/framework/src/Illuminate/Routing/Router.php(672): Illuminate\\Routing\\Router->runRouteWithinStack()
#15 /home/classic/Desktop/Laravel/laravel-file-manager-spatie/vendor/laravel/framework/src/Illuminate/Routing/Router.php(636): Illuminate\\Routing\\Router->runRoute()
#16 /home/classic/Desktop/Laravel/laravel-file-manager-spatie/vendor/laravel/framework/src/Illuminate/Routing/Router.php(625): Illuminate\\Routing\\Router->dispatchToRoute()
#17 /home/classic/Desktop/Laravel/laravel-file-manager-spatie/vendor/laravel/framework/src/Illuminate/Foundation/Http/Kernel.php(166): Illuminate\\Routing\\Router->dispatch()
#18 /home/classic/Desktop/Laravel/laravel-file-manager-spatie/vendor/laravel/framework/src/Illuminate/Pipeline/Pipeline.php(128): Illuminate\\Foundation\\Http\\Kernel->Illuminate\\Foundation\\Http\\{closure}()
#19 /home/classic/Desktop/Laravel/laravel-file-manager-spatie/vendor/laravel/framework/src/Illuminate/Foundation/Http/Middleware/TransformsRequest.php(21): Illuminate\\Pipeline\\Pipeline->Illuminate\\Pipeline\\{closure}()
#20 /home/classic/Desktop/Laravel/laravel-file-manager-spatie/vendor/laravel/framework/src/Illuminate/Foundation/Http/Middleware/ConvertEmptyStringsToNull.php(31): Illuminate\\Foundation\\Http\\Middleware\\TransformsRequest->handle()
#21 /home/classic/Desktop/Laravel/laravel-file-manager-spatie/vendor/laravel/framework/src/Illuminate/Pipeline/Pipeline.php(167): Illuminate\\Foundation\\Http\\Middleware\\ConvertEmptyStringsToNull->handle()
#22 /home/classic/Desktop/Laravel/laravel-file-manager-spatie/vendor/laravel/framework/src/Illuminate/Foundation/Http/Middleware/TransformsRequest.php(21): Illuminate\\Pipeline\\Pipeline->Illuminate\\Pipeline\\{closure}()
#23 /home/classic/Desktop/Laravel/laravel-file-manager-spatie/vendor/laravel/framework/src/Illuminate/Foundation/Http/Middleware/TrimStrings.php(40): Illuminate\\Foundation\\Http\\Middleware\\TransformsRequest->handle()
#24 /home/classic/Desktop/Laravel/laravel-file-manager-spatie/vendor/laravel/framework/src/Illuminate/Pipeline/Pipeline.php(167): Illuminate\\Foundation\\Http\\Middleware\\TrimStrings->handle()
#25 /home/classic/Desktop/Laravel/laravel-file-manager-spatie/vendor/laravel/framework/src/Illuminate/Foundation/Http/Middleware/ValidatePostSize.php(27): Illuminate\\Pipeline\\Pipeline->Illuminate\\Pipeline\\{closure}()
#26 /home/classic/Desktop/Laravel/laravel-file-manager-spatie/vendor/laravel/framework/src/Illuminate/Pipeline/Pipeline.php(167): Illuminate\\Foundation\\Http\\Middleware\\ValidatePostSize->handle()
#27 /home/classic/Desktop/Laravel/laravel-file-manager-spatie/vendor/laravel/framework/src/Illuminate/Foundation/Http/Middleware/PreventRequestsDuringMaintenance.php(86): Illuminate\\Pipeline\\Pipeline->Illuminate\\Pipeline\\{closure}()
#28 /home/classic/Desktop/Laravel/laravel-file-manager-spatie/vendor/laravel/framework/src/Illuminate/Pipeline/Pipeline.php(167): Illuminate\\Foundation\\Http\\Middleware\\PreventRequestsDuringMaintenance->handle()
#29 /home/classic/Desktop/Laravel/laravel-file-manager-spatie/vendor/fruitcake/laravel-cors/src/HandleCors.php(38): Illuminate\\Pipeline\\Pipeline->Illuminate\\Pipeline\\{closure}()
#30 /home/classic/Desktop/Laravel/laravel-file-manager-spatie/vendor/laravel/framework/src/Illuminate/Pipeline/Pipeline.php(167): Fruitcake\\Cors\\HandleCors->handle()
#31 /home/classic/Desktop/Laravel/laravel-file-manager-spatie/vendor/laravel/framework/src/Illuminate/Http/Middleware/TrustProxies.php(39): Illuminate\\Pipeline\\Pipeline->Illuminate\\Pipeline\\{closure}()
#32 /home/classic/Desktop/Laravel/laravel-file-manager-spatie/vendor/laravel/framework/src/Illuminate/Pipeline/Pipeline.php(167): Illuminate\\Http\\Middleware\\TrustProxies->handle()
#33 /home/classic/Desktop/Laravel/laravel-file-manager-spatie/vendor/laravel/framework/src/Illuminate/Pipeline/Pipeline.php(103): Illuminate\\Pipeline\\Pipeline->Illuminate\\Pipeline\\{closure}()
#34 /home/classic/Desktop/Laravel/laravel-file-manager-spatie/vendor/laravel/framework/src/Illuminate/Foundation/Http/Kernel.php(141): Illuminate\\Pipeline\\Pipeline->then()
#35 /home/classic/Desktop/Laravel/laravel-file-manager-spatie/vendor/laravel/framework/src/Illuminate/Foundation/Http/Kernel.php(110): Illuminate\\Foundation\\Http\\Kernel->sendRequestThroughRouter()
#36 /home/classic/Desktop/Laravel/laravel-file-manager-spatie/public/index.php(52): Illuminate\\Foundation\\Http\\Kernel->handle()
#37 /home/classic/Desktop/Laravel/laravel-file-manager-spatie/server.php(21): require_once('/home/classic/D...')
#38 {main}
"} 
[2021-09-18 06:44:57] local.ERROR: View [welcome] not found. {"exception":"[object] (InvalidArgumentException(code: 0): View [welcome] not found. at /home/classic/Desktop/Laravel/laravel-file-manager-spatie/vendor/laravel/framework/src/Illuminate/View/FileViewFinder.php:137)
[stacktrace]
#0 /home/classic/Desktop/Laravel/laravel-file-manager-spatie/vendor/laravel/framework/src/Illuminate/View/FileViewFinder.php(79): Illuminate\\View\\FileViewFinder->findInPaths()
#1 /home/classic/Desktop/Laravel/laravel-file-manager-spatie/vendor/laravel/framework/src/Illuminate/View/Factory.php(138): Illuminate\\View\\FileViewFinder->find()
#2 /home/classic/Desktop/Laravel/laravel-file-manager-spatie/vendor/laravel/framework/src/Illuminate/Foundation/helpers.php(919): Illuminate\\View\\Factory->make()
#3 closure://function () {
    return \\view('welcome');
}(3): view()
#4 /home/classic/Desktop/Laravel/laravel-file-manager-spatie/vendor/laravel/framework/src/Illuminate/Routing/Route.php(230): Illuminate\\Routing\\RouteFileRegistrar::{closure}()
#5 /home/classic/Desktop/Laravel/laravel-file-manager-spatie/vendor/laravel/framework/src/Illuminate/Routing/Route.php(200): Illuminate\\Routing\\Route->runCallable()
#6 /home/classic/Desktop/Laravel/laravel-file-manager-spatie/vendor/laravel/framework/src/Illuminate/Routing/Router.php(695): Illuminate\\Routing\\Route->run()
#7 /home/classic/Desktop/Laravel/laravel-file-manager-spatie/vendor/laravel/framework/src/Illuminate/Pipeline/Pipeline.php(128): Illuminate\\Routing\\Router->Illuminate\\Routing\\{closure}()
#8 /home/classic/Desktop/Laravel/laravel-file-manager-spatie/vendor/laravel/framework/src/Illuminate/Routing/Middleware/SubstituteBindings.php(50): Illuminate\\Pipeline\\Pipeline->Illuminate\\Pipeline\\{closure}()
#9 /home/classic/Desktop/Laravel/laravel-file-manager-spatie/vendor/laravel/framework/src/Illuminate/Pipeline/Pipeline.php(167): Illuminate\\Routing\\Middleware\\SubstituteBindings->handle()
#10 /home/classic/Desktop/Laravel/laravel-file-manager-spatie/vendor/laravel/framework/src/Illuminate/Foundation/Http/Middleware/VerifyCsrfToken.php(78): Illuminate\\Pipeline\\Pipeline->Illuminate\\Pipeline\\{closure}()
#11 /home/classic/Desktop/Laravel/laravel-file-manager-spatie/vendor/laravel/framework/src/Illuminate/Pipeline/Pipeline.php(167): Illuminate\\Foundation\\Http\\Middleware\\VerifyCsrfToken->handle()
#12 /home/classic/Desktop/Laravel/laravel-file-manager-spatie/vendor/laravel/framework/src/Illuminate/View/Middleware/ShareErrorsFromSession.php(49): Illuminate\\Pipeline\\Pipeline->Illuminate\\Pipeline\\{closure}()
#13 /home/classic/Desktop/Laravel/laravel-file-manager-spatie/vendor/laravel/framework/src/Illuminate/Pipeline/Pipeline.php(167): Illuminate\\View\\Middleware\\ShareErrorsFromSession->handle()
#14 /home/classic/Desktop/Laravel/laravel-file-manager-spatie/vendor/laravel/framework/src/Illuminate/Session/Middleware/StartSession.php(121): Illuminate\\Pipeline\\Pipeline->Illuminate\\Pipeline\\{closure}()
#15 /home/classic/Desktop/Laravel/laravel-file-manager-spatie/vendor/laravel/framework/src/Illuminate/Session/Middleware/StartSession.php(64): Illuminate\\Session\\Middleware\\StartSession->handleStatefulRequest()
#16 /home/classic/Desktop/Laravel/laravel-file-manager-spatie/vendor/laravel/framework/src/Illuminate/Pipeline/Pipeline.php(167): Illuminate\\Session\\Middleware\\StartSession->handle()
#17 /home/classic/Desktop/Laravel/laravel-file-manager-spatie/vendor/laravel/framework/src/Illuminate/Cookie/Middleware/AddQueuedCookiesToResponse.php(37): Illuminate\\Pipeline\\Pipeline->Illuminate\\Pipeline\\{closure}()
#18 /home/classic/Desktop/Laravel/laravel-file-manager-spatie/vendor/laravel/framework/src/Illuminate/Pipeline/Pipeline.php(167): Illuminate\\Cookie\\Middleware\\AddQueuedCookiesToResponse->handle()
#19 /home/classic/Desktop/Laravel/laravel-file-manager-spatie/vendor/laravel/framework/src/Illuminate/Cookie/Middleware/EncryptCookies.php(67): Illuminate\\Pipeline\\Pipeline->Illuminate\\Pipeline\\{closure}()
#20 /home/classic/Desktop/Laravel/laravel-file-manager-spatie/vendor/laravel/framework/src/Illuminate/Pipeline/Pipeline.php(167): Illuminate\\Cookie\\Middleware\\EncryptCookies->handle()
#21 /home/classic/Desktop/Laravel/laravel-file-manager-spatie/vendor/laravel/framework/src/Illuminate/Pipeline/Pipeline.php(103): Illuminate\\Pipeline\\Pipeline->Illuminate\\Pipeline\\{closure}()
#22 /home/classic/Desktop/Laravel/laravel-file-manager-spatie/vendor/laravel/framework/src/Illuminate/Routing/Router.php(697): Illuminate\\Pipeline\\Pipeline->then()
#23 /home/classic/Desktop/Laravel/laravel-file-manager-spatie/vendor/laravel/framework/src/Illuminate/Routing/Router.php(672): Illuminate\\Routing\\Router->runRouteWithinStack()
#24 /home/classic/Desktop/Laravel/laravel-file-manager-spatie/vendor/laravel/framework/src/Illuminate/Routing/Router.php(636): Illuminate\\Routing\\Router->runRoute()
#25 /home/classic/Desktop/Laravel/laravel-file-manager-spatie/vendor/laravel/framework/src/Illuminate/Routing/Router.php(625): Illuminate\\Routing\\Router->dispatchToRoute()
#26 /home/classic/Desktop/Laravel/laravel-file-manager-spatie/vendor/laravel/framework/src/Illuminate/Foundation/Http/Kernel.php(166): Illuminate\\Routing\\Router->dispatch()
#27 /home/classic/Desktop/Laravel/laravel-file-manager-spatie/vendor/laravel/framework/src/Illuminate/Pipeline/Pipeline.php(128): Illuminate\\Foundation\\Http\\Kernel->Illuminate\\Foundation\\Http\\{closure}()
#28 /home/classic/Desktop/Laravel/laravel-file-manager-spatie/vendor/laravel/framework/src/Illuminate/Foundation/Http/Middleware/TransformsRequest.php(21): Illuminate\\Pipeline\\Pipeline->Illuminate\\Pipeline\\{closure}()
#29 /home/classic/Desktop/Laravel/laravel-file-manager-spatie/vendor/laravel/framework/src/Illuminate/Foundation/Http/Middleware/ConvertEmptyStringsToNull.php(31): Illuminate\\Foundation\\Http\\Middleware\\TransformsRequest->handle()
#30 /home/classic/Desktop/Laravel/laravel-file-manager-spatie/vendor/laravel/framework/src/Illuminate/Pipeline/Pipeline.php(167): Illuminate\\Foundation\\Http\\Middleware\\ConvertEmptyStringsToNull->handle()
#31 /home/classic/Desktop/Laravel/laravel-file-manager-spatie/vendor/laravel/framework/src/Illuminate/Foundation/Http/Middleware/TransformsRequest.php(21): Illuminate\\Pipeline\\Pipeline->Illuminate\\Pipeline\\{closure}()
#32 /home/classic/Desktop/Laravel/laravel-file-manager-spatie/vendor/laravel/framework/src/Illuminate/Foundation/Http/Middleware/TrimStrings.php(40): Illuminate\\Foundation\\Http\\Middleware\\TransformsRequest->handle()
#33 /home/classic/Desktop/Laravel/laravel-file-manager-spatie/vendor/laravel/framework/src/Illuminate/Pipeline/Pipeline.php(167): Illuminate\\Foundation\\Http\\Middleware\\TrimStrings->handle()
#34 /home/classic/Desktop/Laravel/laravel-file-manager-spatie/vendor/laravel/framework/src/Illuminate/Foundation/Http/Middleware/ValidatePostSize.php(27): Illuminate\\Pipeline\\Pipeline->Illuminate\\Pipeline\\{closure}()
#35 /home/classic/Desktop/Laravel/laravel-file-manager-spatie/vendor/laravel/framework/src/Illuminate/Pipeline/Pipeline.php(167): Illuminate\\Foundation\\Http\\Middleware\\ValidatePostSize->handle()
#36 /home/classic/Desktop/Laravel/laravel-file-manager-spatie/vendor/laravel/framework/src/Illuminate/Foundation/Http/Middleware/PreventRequestsDuringMaintenance.php(86): Illuminate\\Pipeline\\Pipeline->Illuminate\\Pipeline\\{closure}()
#37 /home/classic/Desktop/Laravel/laravel-file-manager-spatie/vendor/laravel/framework/src/Illuminate/Pipeline/Pipeline.php(167): Illuminate\\Foundation\\Http\\Middleware\\PreventRequestsDuringMaintenance->handle()
#38 /home/classic/Desktop/Laravel/laravel-file-manager-spatie/vendor/fruitcake/laravel-cors/src/HandleCors.php(38): Illuminate\\Pipeline\\Pipeline->Illuminate\\Pipeline\\{closure}()
#39 /home/classic/Desktop/Laravel/laravel-file-manager-spatie/vendor/laravel/framework/src/Illuminate/Pipeline/Pipeline.php(167): Fruitcake\\Cors\\HandleCors->handle()
#40 /home/classic/Desktop/Laravel/laravel-file-manager-spatie/vendor/laravel/framework/src/Illuminate/Http/Middleware/TrustProxies.php(39): Illuminate\\Pipeline\\Pipeline->Illuminate\\Pipeline\\{closure}()
#41 /home/classic/Desktop/Laravel/laravel-file-manager-spatie/vendor/laravel/framework/src/Illuminate/Pipeline/Pipeline.php(167): Illuminate\\Http\\Middleware\\TrustProxies->handle()
#42 /home/classic/Desktop/Laravel/laravel-file-manager-spatie/vendor/laravel/framework/src/Illuminate/Pipeline/Pipeline.php(103): Illuminate\\Pipeline\\Pipeline->Illuminate\\Pipeline\\{closure}()
#43 /home/classic/Desktop/Laravel/laravel-file-manager-spatie/vendor/laravel/framework/src/Illuminate/Foundation/Http/Kernel.php(141): Illuminate\\Pipeline\\Pipeline->then()
#44 /home/classic/Desktop/Laravel/laravel-file-manager-spatie/vendor/laravel/framework/src/Illuminate/Foundation/Http/Kernel.php(110): Illuminate\\Foundation\\Http\\Kernel->sendRequestThroughRouter()
#45 /home/classic/Desktop/Laravel/laravel-file-manager-spatie/public/index.php(52): Illuminate\\Foundation\\Http\\Kernel->handle()
#46 /home/classic/Desktop/Laravel/laravel-file-manager-spatie/server.php(21): require_once('/home/classic/D...')
#47 {main}
"} 
[2021-09-18 06:44:57] local.ERROR: file_put_contents(/home/classic/Desktop/Laravel/laravel-file-manager/storage/framework/sessions/httIxlENkSLz6ZMO6duYH0NFnJdB8viaoG366Q2Y): failed to open stream: No such file or directory {"exception":"[object] (ErrorException(code: 0): file_put_contents(/home/classic/Desktop/Laravel/laravel-file-manager/storage/framework/sessions/httIxlENkSLz6ZMO6duYH0NFnJdB8viaoG366Q2Y): failed to open stream: No such file or directory at /home/classic/Desktop/Laravel/laravel-file-manager-spatie/vendor/laravel/framework/src/Illuminate/Filesystem/Filesystem.php:187)
[stacktrace]
#0 [internal function]: Illuminate\\Foundation\\Bootstrap\\HandleExceptions->handleError()
#1 /home/classic/Desktop/Laravel/laravel-file-manager-spatie/vendor/laravel/framework/src/Illuminate/Filesystem/Filesystem.php(187): file_put_contents()
#2 /home/classic/Desktop/Laravel/laravel-file-manager-spatie/vendor/laravel/framework/src/Illuminate/Session/FileSessionHandler.php(83): Illuminate\\Filesystem\\Filesystem->put()
#3 /home/classic/Desktop/Laravel/laravel-file-manager-spatie/vendor/laravel/framework/src/Illuminate/Session/Store.php(129): Illuminate\\Session\\FileSessionHandler->write()
#4 /home/classic/Desktop/Laravel/laravel-file-manager-spatie/vendor/laravel/framework/src/Illuminate/Session/Middleware/StartSession.php(236): Illuminate\\Session\\Store->save()
#5 /home/classic/Desktop/Laravel/laravel-file-manager-spatie/vendor/laravel/framework/src/Illuminate/Session/Middleware/StartSession.php(130): Illuminate\\Session\\Middleware\\StartSession->saveSession()
#6 /home/classic/Desktop/Laravel/laravel-file-manager-spatie/vendor/laravel/framework/src/Illuminate/Session/Middleware/StartSession.php(64): Illuminate\\Session\\Middleware\\StartSession->handleStatefulRequest()
#7 /home/classic/Desktop/Laravel/laravel-file-manager-spatie/vendor/laravel/framework/src/Illuminate/Pipeline/Pipeline.php(167): Illuminate\\Session\\Middleware\\StartSession->handle()
#8 /home/classic/Desktop/Laravel/laravel-file-manager-spatie/vendor/laravel/framework/src/Illuminate/Cookie/Middleware/AddQueuedCookiesToResponse.php(37): Illuminate\\Pipeline\\Pipeline->Illuminate\\Pipeline\\{closure}()
#9 /home/classic/Desktop/Laravel/laravel-file-manager-spatie/vendor/laravel/framework/src/Illuminate/Pipeline/Pipeline.php(167): Illuminate\\Cookie\\Middleware\\AddQueuedCookiesToResponse->handle()
#10 /home/classic/Desktop/Laravel/laravel-file-manager-spatie/vendor/laravel/framework/src/Illuminate/Cookie/Middleware/EncryptCookies.php(67): Illuminate\\Pipeline\\Pipeline->Illuminate\\Pipeline\\{closure}()
#11 /home/classic/Desktop/Laravel/laravel-file-manager-spatie/vendor/laravel/framework/src/Illuminate/Pipeline/Pipeline.php(167): Illuminate\\Cookie\\Middleware\\EncryptCookies->handle()
#12 /home/classic/Desktop/Laravel/laravel-file-manager-spatie/vendor/laravel/framework/src/Illuminate/Pipeline/Pipeline.php(103): Illuminate\\Pipeline\\Pipeline->Illuminate\\Pipeline\\{closure}()
#13 /home/classic/Desktop/Laravel/laravel-file-manager-spatie/vendor/laravel/framework/src/Illuminate/Routing/Router.php(697): Illuminate\\Pipeline\\Pipeline->then()
#14 /home/classic/Desktop/Laravel/laravel-file-manager-spatie/vendor/laravel/framework/src/Illuminate/Routing/Router.php(672): Illuminate\\Routing\\Router->runRouteWithinStack()
#15 /home/classic/Desktop/Laravel/laravel-file-manager-spatie/vendor/laravel/framework/src/Illuminate/Routing/Router.php(636): Illuminate\\Routing\\Router->runRoute()
#16 /home/classic/Desktop/Laravel/laravel-file-manager-spatie/vendor/laravel/framework/src/Illuminate/Routing/Router.php(625): Illuminate\\Routing\\Router->dispatchToRoute()
#17 /home/classic/Desktop/Laravel/laravel-file-manager-spatie/vendor/laravel/framework/src/Illuminate/Foundation/Http/Kernel.php(166): Illuminate\\Routing\\Router->dispatch()
#18 /home/classic/Desktop/Laravel/laravel-file-manager-spatie/vendor/laravel/framework/src/Illuminate/Pipeline/Pipeline.php(128): Illuminate\\Foundation\\Http\\Kernel->Illuminate\\Foundation\\Http\\{closure}()
#19 /home/classic/Desktop/Laravel/laravel-file-manager-spatie/vendor/laravel/framework/src/Illuminate/Foundation/Http/Middleware/TransformsRequest.php(21): Illuminate\\Pipeline\\Pipeline->Illuminate\\Pipeline\\{closure}()
#20 /home/classic/Desktop/Laravel/laravel-file-manager-spatie/vendor/laravel/framework/src/Illuminate/Foundation/Http/Middleware/ConvertEmptyStringsToNull.php(31): Illuminate\\Foundation\\Http\\Middleware\\TransformsRequest->handle()
#21 /home/classic/Desktop/Laravel/laravel-file-manager-spatie/vendor/laravel/framework/src/Illuminate/Pipeline/Pipeline.php(167): Illuminate\\Foundation\\Http\\Middleware\\ConvertEmptyStringsToNull->handle()
#22 /home/classic/Desktop/Laravel/laravel-file-manager-spatie/vendor/laravel/framework/src/Illuminate/Foundation/Http/Middleware/TransformsRequest.php(21): Illuminate\\Pipeline\\Pipeline->Illuminate\\Pipeline\\{closure}()
#23 /home/classic/Desktop/Laravel/laravel-file-manager-spatie/vendor/laravel/framework/src/Illuminate/Foundation/Http/Middleware/TrimStrings.php(40): Illuminate\\Foundation\\Http\\Middleware\\TransformsRequest->handle()
#24 /home/classic/Desktop/Laravel/laravel-file-manager-spatie/vendor/laravel/framework/src/Illuminate/Pipeline/Pipeline.php(167): Illuminate\\Foundation\\Http\\Middleware\\TrimStrings->handle()
#25 /home/classic/Desktop/Laravel/laravel-file-manager-spatie/vendor/laravel/framework/src/Illuminate/Foundation/Http/Middleware/ValidatePostSize.php(27): Illuminate\\Pipeline\\Pipeline->Illuminate\\Pipeline\\{closure}()
#26 /home/classic/Desktop/Laravel/laravel-file-manager-spatie/vendor/laravel/framework/src/Illuminate/Pipeline/Pipeline.php(167): Illuminate\\Foundation\\Http\\Middleware\\ValidatePostSize->handle()
#27 /home/classic/Desktop/Laravel/laravel-file-manager-spatie/vendor/laravel/framework/src/Illuminate/Foundation/Http/Middleware/PreventRequestsDuringMaintenance.php(86): Illuminate\\Pipeline\\Pipeline->Illuminate\\Pipeline\\{closure}()
#28 /home/classic/Desktop/Laravel/laravel-file-manager-spatie/vendor/laravel/framework/src/Illuminate/Pipeline/Pipeline.php(167): Illuminate\\Foundation\\Http\\Middleware\\PreventRequestsDuringMaintenance->handle()
#29 /home/classic/Desktop/Laravel/laravel-file-manager-spatie/vendor/fruitcake/laravel-cors/src/HandleCors.php(38): Illuminate\\Pipeline\\Pipeline->Illuminate\\Pipeline\\{closure}()
#30 /home/classic/Desktop/Laravel/laravel-file-manager-spatie/vendor/laravel/framework/src/Illuminate/Pipeline/Pipeline.php(167): Fruitcake\\Cors\\HandleCors->handle()
#31 /home/classic/Desktop/Laravel/laravel-file-manager-spatie/vendor/laravel/framework/src/Illuminate/Http/Middleware/TrustProxies.php(39): Illuminate\\Pipeline\\Pipeline->Illuminate\\Pipeline\\{closure}()
#32 /home/classic/Desktop/Laravel/laravel-file-manager-spatie/vendor/laravel/framework/src/Illuminate/Pipeline/Pipeline.php(167): Illuminate\\Http\\Middleware\\TrustProxies->handle()
#33 /home/classic/Desktop/Laravel/laravel-file-manager-spatie/vendor/laravel/framework/src/Illuminate/Pipeline/Pipeline.php(103): Illuminate\\Pipeline\\Pipeline->Illuminate\\Pipeline\\{closure}()
#34 /home/classic/Desktop/Laravel/laravel-file-manager-spatie/vendor/laravel/framework/src/Illuminate/Foundation/Http/Kernel.php(141): Illuminate\\Pipeline\\Pipeline->then()
#35 /home/classic/Desktop/Laravel/laravel-file-manager-spatie/vendor/laravel/framework/src/Illuminate/Foundation/Http/Kernel.php(110): Illuminate\\Foundation\\Http\\Kernel->sendRequestThroughRouter()
#36 /home/classic/Desktop/Laravel/laravel-file-manager-spatie/public/index.php(52): Illuminate\\Foundation\\Http\\Kernel->handle()
#37 /home/classic/Desktop/Laravel/laravel-file-manager-spatie/server.php(21): require_once('/home/classic/D...')
#38 {main}
"} 
[2021-09-18 06:45:00] local.ERROR: View [welcome] not found. {"exception":"[object] (InvalidArgumentException(code: 0): View [welcome] not found. at /home/classic/Desktop/Laravel/laravel-file-manager-spatie/vendor/laravel/framework/src/Illuminate/View/FileViewFinder.php:137)
[stacktrace]
#0 /home/classic/Desktop/Laravel/laravel-file-manager-spatie/vendor/laravel/framework/src/Illuminate/View/FileViewFinder.php(79): Illuminate\\View\\FileViewFinder->findInPaths()
#1 /home/classic/Desktop/Laravel/laravel-file-manager-spatie/vendor/laravel/framework/src/Illuminate/View/Factory.php(138): Illuminate\\View\\FileViewFinder->find()
#2 /home/classic/Desktop/Laravel/laravel-file-manager-spatie/vendor/laravel/framework/src/Illuminate/Foundation/helpers.php(919): Illuminate\\View\\Factory->make()
#3 closure://function () {
    return \\view('welcome');
}(3): view()
#4 /home/classic/Desktop/Laravel/laravel-file-manager-spatie/vendor/laravel/framework/src/Illuminate/Routing/Route.php(230): Illuminate\\Routing\\RouteFileRegistrar::{closure}()
#5 /home/classic/Desktop/Laravel/laravel-file-manager-spatie/vendor/laravel/framework/src/Illuminate/Routing/Route.php(200): Illuminate\\Routing\\Route->runCallable()
#6 /home/classic/Desktop/Laravel/laravel-file-manager-spatie/vendor/laravel/framework/src/Illuminate/Routing/Router.php(695): Illuminate\\Routing\\Route->run()
#7 /home/classic/Desktop/Laravel/laravel-file-manager-spatie/vendor/laravel/framework/src/Illuminate/Pipeline/Pipeline.php(128): Illuminate\\Routing\\Router->Illuminate\\Routing\\{closure}()
#8 /home/classic/Desktop/Laravel/laravel-file-manager-spatie/vendor/laravel/framework/src/Illuminate/Routing/Middleware/SubstituteBindings.php(50): Illuminate\\Pipeline\\Pipeline->Illuminate\\Pipeline\\{closure}()
#9 /home/classic/Desktop/Laravel/laravel-file-manager-spatie/vendor/laravel/framework/src/Illuminate/Pipeline/Pipeline.php(167): Illuminate\\Routing\\Middleware\\SubstituteBindings->handle()
#10 /home/classic/Desktop/Laravel/laravel-file-manager-spatie/vendor/laravel/framework/src/Illuminate/Foundation/Http/Middleware/VerifyCsrfToken.php(78): Illuminate\\Pipeline\\Pipeline->Illuminate\\Pipeline\\{closure}()
#11 /home/classic/Desktop/Laravel/laravel-file-manager-spatie/vendor/laravel/framework/src/Illuminate/Pipeline/Pipeline.php(167): Illuminate\\Foundation\\Http\\Middleware\\VerifyCsrfToken->handle()
#12 /home/classic/Desktop/Laravel/laravel-file-manager-spatie/vendor/laravel/framework/src/Illuminate/View/Middleware/ShareErrorsFromSession.php(49): Illuminate\\Pipeline\\Pipeline->Illuminate\\Pipeline\\{closure}()
#13 /home/classic/Desktop/Laravel/laravel-file-manager-spatie/vendor/laravel/framework/src/Illuminate/Pipeline/Pipeline.php(167): Illuminate\\View\\Middleware\\ShareErrorsFromSession->handle()
#14 /home/classic/Desktop/Laravel/laravel-file-manager-spatie/vendor/laravel/framework/src/Illuminate/Session/Middleware/StartSession.php(121): Illuminate\\Pipeline\\Pipeline->Illuminate\\Pipeline\\{closure}()
#15 /home/classic/Desktop/Laravel/laravel-file-manager-spatie/vendor/laravel/framework/src/Illuminate/Session/Middleware/StartSession.php(64): Illuminate\\Session\\Middleware\\StartSession->handleStatefulRequest()
#16 /home/classic/Desktop/Laravel/laravel-file-manager-spatie/vendor/laravel/framework/src/Illuminate/Pipeline/Pipeline.php(167): Illuminate\\Session\\Middleware\\StartSession->handle()
#17 /home/classic/Desktop/Laravel/laravel-file-manager-spatie/vendor/laravel/framework/src/Illuminate/Cookie/Middleware/AddQueuedCookiesToResponse.php(37): Illuminate\\Pipeline\\Pipeline->Illuminate\\Pipeline\\{closure}()
#18 /home/classic/Desktop/Laravel/laravel-file-manager-spatie/vendor/laravel/framework/src/Illuminate/Pipeline/Pipeline.php(167): Illuminate\\Cookie\\Middleware\\AddQueuedCookiesToResponse->handle()
#19 /home/classic/Desktop/Laravel/laravel-file-manager-spatie/vendor/laravel/framework/src/Illuminate/Cookie/Middleware/EncryptCookies.php(67): Illuminate\\Pipeline\\Pipeline->Illuminate\\Pipeline\\{closure}()
#20 /home/classic/Desktop/Laravel/laravel-file-manager-spatie/vendor/laravel/framework/src/Illuminate/Pipeline/Pipeline.php(167): Illuminate\\Cookie\\Middleware\\EncryptCookies->handle()
#21 /home/classic/Desktop/Laravel/laravel-file-manager-spatie/vendor/laravel/framework/src/Illuminate/Pipeline/Pipeline.php(103): Illuminate\\Pipeline\\Pipeline->Illuminate\\Pipeline\\{closure}()
#22 /home/classic/Desktop/Laravel/laravel-file-manager-spatie/vendor/laravel/framework/src/Illuminate/Routing/Router.php(697): Illuminate\\Pipeline\\Pipeline->then()
#23 /home/classic/Desktop/Laravel/laravel-file-manager-spatie/vendor/laravel/framework/src/Illuminate/Routing/Router.php(672): Illuminate\\Routing\\Router->runRouteWithinStack()
#24 /home/classic/Desktop/Laravel/laravel-file-manager-spatie/vendor/laravel/framework/src/Illuminate/Routing/Router.php(636): Illuminate\\Routing\\Router->runRoute()
#25 /home/classic/Desktop/Laravel/laravel-file-manager-spatie/vendor/laravel/framework/src/Illuminate/Routing/Router.php(625): Illuminate\\Routing\\Router->dispatchToRoute()
#26 /home/classic/Desktop/Laravel/laravel-file-manager-spatie/vendor/laravel/framework/src/Illuminate/Foundation/Http/Kernel.php(166): Illuminate\\Routing\\Router->dispatch()
#27 /home/classic/Desktop/Laravel/laravel-file-manager-spatie/vendor/laravel/framework/src/Illuminate/Pipeline/Pipeline.php(128): Illuminate\\Foundation\\Http\\Kernel->Illuminate\\Foundation\\Http\\{closure}()
#28 /home/classic/Desktop/Laravel/laravel-file-manager-spatie/vendor/laravel/framework/src/Illuminate/Foundation/Http/Middleware/TransformsRequest.php(21): Illuminate\\Pipeline\\Pipeline->Illuminate\\Pipeline\\{closure}()
#29 /home/classic/Desktop/Laravel/laravel-file-manager-spatie/vendor/laravel/framework/src/Illuminate/Foundation/Http/Middleware/ConvertEmptyStringsToNull.php(31): Illuminate\\Foundation\\Http\\Middleware\\TransformsRequest->handle()
#30 /home/classic/Desktop/Laravel/laravel-file-manager-spatie/vendor/laravel/framework/src/Illuminate/Pipeline/Pipeline.php(167): Illuminate\\Foundation\\Http\\Middleware\\ConvertEmptyStringsToNull->handle()
#31 /home/classic/Desktop/Laravel/laravel-file-manager-spatie/vendor/laravel/framework/src/Illuminate/Foundation/Http/Middleware/TransformsRequest.php(21): Illuminate\\Pipeline\\Pipeline->Illuminate\\Pipeline\\{closure}()
#32 /home/classic/Desktop/Laravel/laravel-file-manager-spatie/vendor/laravel/framework/src/Illuminate/Foundation/Http/Middleware/TrimStrings.php(40): Illuminate\\Foundation\\Http\\Middleware\\TransformsRequest->handle()
#33 /home/classic/Desktop/Laravel/laravel-file-manager-spatie/vendor/laravel/framework/src/Illuminate/Pipeline/Pipeline.php(167): Illuminate\\Foundation\\Http\\Middleware\\TrimStrings->handle()
#34 /home/classic/Desktop/Laravel/laravel-file-manager-spatie/vendor/laravel/framework/src/Illuminate/Foundation/Http/Middleware/ValidatePostSize.php(27): Illuminate\\Pipeline\\Pipeline->Illuminate\\Pipeline\\{closure}()
#35 /home/classic/Desktop/Laravel/laravel-file-manager-spatie/vendor/laravel/framework/src/Illuminate/Pipeline/Pipeline.php(167): Illuminate\\Foundation\\Http\\Middleware\\ValidatePostSize->handle()
#36 /home/classic/Desktop/Laravel/laravel-file-manager-spatie/vendor/laravel/framework/src/Illuminate/Foundation/Http/Middleware/PreventRequestsDuringMaintenance.php(86): Illuminate\\Pipeline\\Pipeline->Illuminate\\Pipeline\\{closure}()
#37 /home/classic/Desktop/Laravel/laravel-file-manager-spatie/vendor/laravel/framework/src/Illuminate/Pipeline/Pipeline.php(167): Illuminate\\Foundation\\Http\\Middleware\\PreventRequestsDuringMaintenance->handle()
#38 /home/classic/Desktop/Laravel/laravel-file-manager-spatie/vendor/fruitcake/laravel-cors/src/HandleCors.php(38): Illuminate\\Pipeline\\Pipeline->Illuminate\\Pipeline\\{closure}()
#39 /home/classic/Desktop/Laravel/laravel-file-manager-spatie/vendor/laravel/framework/src/Illuminate/Pipeline/Pipeline.php(167): Fruitcake\\Cors\\HandleCors->handle()
#40 /home/classic/Desktop/Laravel/laravel-file-manager-spatie/vendor/laravel/framework/src/Illuminate/Http/Middleware/TrustProxies.php(39): Illuminate\\Pipeline\\Pipeline->Illuminate\\Pipeline\\{closure}()
#41 /home/classic/Desktop/Laravel/laravel-file-manager-spatie/vendor/laravel/framework/src/Illuminate/Pipeline/Pipeline.php(167): Illuminate\\Http\\Middleware\\TrustProxies->handle()
#42 /home/classic/Desktop/Laravel/laravel-file-manager-spatie/vendor/laravel/framework/src/Illuminate/Pipeline/Pipeline.php(103): Illuminate\\Pipeline\\Pipeline->Illuminate\\Pipeline\\{closure}()
#43 /home/classic/Desktop/Laravel/laravel-file-manager-spatie/vendor/laravel/framework/src/Illuminate/Foundation/Http/Kernel.php(141): Illuminate\\Pipeline\\Pipeline->then()
#44 /home/classic/Desktop/Laravel/laravel-file-manager-spatie/vendor/laravel/framework/src/Illuminate/Foundation/Http/Kernel.php(110): Illuminate\\Foundation\\Http\\Kernel->sendRequestThroughRouter()
#45 /home/classic/Desktop/Laravel/laravel-file-manager-spatie/public/index.php(52): Illuminate\\Foundation\\Http\\Kernel->handle()
#46 /home/classic/Desktop/Laravel/laravel-file-manager-spatie/server.php(21): require_once('/home/classic/D...')
#47 {main}
"} 
[2021-09-18 06:45:00] local.ERROR: file_put_contents(/home/classic/Desktop/Laravel/laravel-file-manager/storage/framework/sessions/oXUbOOQwBG8f7Frds5X5ADDnMuBK5102ym3zZR6T): failed to open stream: No such file or directory {"exception":"[object] (ErrorException(code: 0): file_put_contents(/home/classic/Desktop/Laravel/laravel-file-manager/storage/framework/sessions/oXUbOOQwBG8f7Frds5X5ADDnMuBK5102ym3zZR6T): failed to open stream: No such file or directory at /home/classic/Desktop/Laravel/laravel-file-manager-spatie/vendor/laravel/framework/src/Illuminate/Filesystem/Filesystem.php:187)
[stacktrace]
#0 [internal function]: Illuminate\\Foundation\\Bootstrap\\HandleExceptions->handleError()
#1 /home/classic/Desktop/Laravel/laravel-file-manager-spatie/vendor/laravel/framework/src/Illuminate/Filesystem/Filesystem.php(187): file_put_contents()
#2 /home/classic/Desktop/Laravel/laravel-file-manager-spatie/vendor/laravel/framework/src/Illuminate/Session/FileSessionHandler.php(83): Illuminate\\Filesystem\\Filesystem->put()
#3 /home/classic/Desktop/Laravel/laravel-file-manager-spatie/vendor/laravel/framework/src/Illuminate/Session/Store.php(129): Illuminate\\Session\\FileSessionHandler->write()
#4 /home/classic/Desktop/Laravel/laravel-file-manager-spatie/vendor/laravel/framework/src/Illuminate/Session/Middleware/StartSession.php(236): Illuminate\\Session\\Store->save()
#5 /home/classic/Desktop/Laravel/laravel-file-manager-spatie/vendor/laravel/framework/src/Illuminate/Session/Middleware/StartSession.php(130): Illuminate\\Session\\Middleware\\StartSession->saveSession()
#6 /home/classic/Desktop/Laravel/laravel-file-manager-spatie/vendor/laravel/framework/src/Illuminate/Session/Middleware/StartSession.php(64): Illuminate\\Session\\Middleware\\StartSession->handleStatefulRequest()
#7 /home/classic/Desktop/Laravel/laravel-file-manager-spatie/vendor/laravel/framework/src/Illuminate/Pipeline/Pipeline.php(167): Illuminate\\Session\\Middleware\\StartSession->handle()
#8 /home/classic/Desktop/Laravel/laravel-file-manager-spatie/vendor/laravel/framework/src/Illuminate/Cookie/Middleware/AddQueuedCookiesToResponse.php(37): Illuminate\\Pipeline\\Pipeline->Illuminate\\Pipeline\\{closure}()
#9 /home/classic/Desktop/Laravel/laravel-file-manager-spatie/vendor/laravel/framework/src/Illuminate/Pipeline/Pipeline.php(167): Illuminate\\Cookie\\Middleware\\AddQueuedCookiesToResponse->handle()
#10 /home/classic/Desktop/Laravel/laravel-file-manager-spatie/vendor/laravel/framework/src/Illuminate/Cookie/Middleware/EncryptCookies.php(67): Illuminate\\Pipeline\\Pipeline->Illuminate\\Pipeline\\{closure}()
#11 /home/classic/Desktop/Laravel/laravel-file-manager-spatie/vendor/laravel/framework/src/Illuminate/Pipeline/Pipeline.php(167): Illuminate\\Cookie\\Middleware\\EncryptCookies->handle()
#12 /home/classic/Desktop/Laravel/laravel-file-manager-spatie/vendor/laravel/framework/src/Illuminate/Pipeline/Pipeline.php(103): Illuminate\\Pipeline\\Pipeline->Illuminate\\Pipeline\\{closure}()
#13 /home/classic/Desktop/Laravel/laravel-file-manager-spatie/vendor/laravel/framework/src/Illuminate/Routing/Router.php(697): Illuminate\\Pipeline\\Pipeline->then()
#14 /home/classic/Desktop/Laravel/laravel-file-manager-spatie/vendor/laravel/framework/src/Illuminate/Routing/Router.php(672): Illuminate\\Routing\\Router->runRouteWithinStack()
#15 /home/classic/Desktop/Laravel/laravel-file-manager-spatie/vendor/laravel/framework/src/Illuminate/Routing/Router.php(636): Illuminate\\Routing\\Router->runRoute()
#16 /home/classic/Desktop/Laravel/laravel-file-manager-spatie/vendor/laravel/framework/src/Illuminate/Routing/Router.php(625): Illuminate\\Routing\\Router->dispatchToRoute()
#17 /home/classic/Desktop/Laravel/laravel-file-manager-spatie/vendor/laravel/framework/src/Illuminate/Foundation/Http/Kernel.php(166): Illuminate\\Routing\\Router->dispatch()
#18 /home/classic/Desktop/Laravel/laravel-file-manager-spatie/vendor/laravel/framework/src/Illuminate/Pipeline/Pipeline.php(128): Illuminate\\Foundation\\Http\\Kernel->Illuminate\\Foundation\\Http\\{closure}()
#19 /home/classic/Desktop/Laravel/laravel-file-manager-spatie/vendor/laravel/framework/src/Illuminate/Foundation/Http/Middleware/TransformsRequest.php(21): Illuminate\\Pipeline\\Pipeline->Illuminate\\Pipeline\\{closure}()
#20 /home/classic/Desktop/Laravel/laravel-file-manager-spatie/vendor/laravel/framework/src/Illuminate/Foundation/Http/Middleware/ConvertEmptyStringsToNull.php(31): Illuminate\\Foundation\\Http\\Middleware\\TransformsRequest->handle()
#21 /home/classic/Desktop/Laravel/laravel-file-manager-spatie/vendor/laravel/framework/src/Illuminate/Pipeline/Pipeline.php(167): Illuminate\\Foundation\\Http\\Middleware\\ConvertEmptyStringsToNull->handle()
#22 /home/classic/Desktop/Laravel/laravel-file-manager-spatie/vendor/laravel/framework/src/Illuminate/Foundation/Http/Middleware/TransformsRequest.php(21): Illuminate\\Pipeline\\Pipeline->Illuminate\\Pipeline\\{closure}()
#23 /home/classic/Desktop/Laravel/laravel-file-manager-spatie/vendor/laravel/framework/src/Illuminate/Foundation/Http/Middleware/TrimStrings.php(40): Illuminate\\Foundation\\Http\\Middleware\\TransformsRequest->handle()
#24 /home/classic/Desktop/Laravel/laravel-file-manager-spatie/vendor/laravel/framework/src/Illuminate/Pipeline/Pipeline.php(167): Illuminate\\Foundation\\Http\\Middleware\\TrimStrings->handle()
#25 /home/classic/Desktop/Laravel/laravel-file-manager-spatie/vendor/laravel/framework/src/Illuminate/Foundation/Http/Middleware/ValidatePostSize.php(27): Illuminate\\Pipeline\\Pipeline->Illuminate\\Pipeline\\{closure}()
#26 /home/classic/Desktop/Laravel/laravel-file-manager-spatie/vendor/laravel/framework/src/Illuminate/Pipeline/Pipeline.php(167): Illuminate\\Foundation\\Http\\Middleware\\ValidatePostSize->handle()
#27 /home/classic/Desktop/Laravel/laravel-file-manager-spatie/vendor/laravel/framework/src/Illuminate/Foundation/Http/Middleware/PreventRequestsDuringMaintenance.php(86): Illuminate\\Pipeline\\Pipeline->Illuminate\\Pipeline\\{closure}()
#28 /home/classic/Desktop/Laravel/laravel-file-manager-spatie/vendor/laravel/framework/src/Illuminate/Pipeline/Pipeline.php(167): Illuminate\\Foundation\\Http\\Middleware\\PreventRequestsDuringMaintenance->handle()
#29 /home/classic/Desktop/Laravel/laravel-file-manager-spatie/vendor/fruitcake/laravel-cors/src/HandleCors.php(38): Illuminate\\Pipeline\\Pipeline->Illuminate\\Pipeline\\{closure}()
#30 /home/classic/Desktop/Laravel/laravel-file-manager-spatie/vendor/laravel/framework/src/Illuminate/Pipeline/Pipeline.php(167): Fruitcake\\Cors\\HandleCors->handle()
#31 /home/classic/Desktop/Laravel/laravel-file-manager-spatie/vendor/laravel/framework/src/Illuminate/Http/Middleware/TrustProxies.php(39): Illuminate\\Pipeline\\Pipeline->Illuminate\\Pipeline\\{closure}()
#32 /home/classic/Desktop/Laravel/laravel-file-manager-spatie/vendor/laravel/framework/src/Illuminate/Pipeline/Pipeline.php(167): Illuminate\\Http\\Middleware\\TrustProxies->handle()
#33 /home/classic/Desktop/Laravel/laravel-file-manager-spatie/vendor/laravel/framework/src/Illuminate/Pipeline/Pipeline.php(103): Illuminate\\Pipeline\\Pipeline->Illuminate\\Pipeline\\{closure}()
#34 /home/classic/Desktop/Laravel/laravel-file-manager-spatie/vendor/laravel/framework/src/Illuminate/Foundation/Http/Kernel.php(141): Illuminate\\Pipeline\\Pipeline->then()
#35 /home/classic/Desktop/Laravel/laravel-file-manager-spatie/vendor/laravel/framework/src/Illuminate/Foundation/Http/Kernel.php(110): Illuminate\\Foundation\\Http\\Kernel->sendRequestThroughRouter()
#36 /home/classic/Desktop/Laravel/laravel-file-manager-spatie/public/index.php(52): Illuminate\\Foundation\\Http\\Kernel->handle()
#37 /home/classic/Desktop/Laravel/laravel-file-manager-spatie/server.php(21): require_once('/home/classic/D...')
#38 {main}
"} 
[2021-09-18 06:45:24] local.ERROR: symlink(): No such file or directory {"exception":"[object] (ErrorException(code: 0): symlink(): No such file or directory at /home/classic/Desktop/Laravel/laravel-file-manager-spatie/vendor/laravel/framework/src/Illuminate/Filesystem/Filesystem.php:330)
[stacktrace]
#0 [internal function]: Illuminate\\Foundation\\Bootstrap\\HandleExceptions->handleError()
#1 /home/classic/Desktop/Laravel/laravel-file-manager-spatie/vendor/laravel/framework/src/Illuminate/Filesystem/Filesystem.php(330): symlink()
#2 /home/classic/Desktop/Laravel/laravel-file-manager-spatie/vendor/laravel/framework/src/Illuminate/Foundation/Console/StorageLinkCommand.php(47): Illuminate\\Filesystem\\Filesystem->link()
#3 /home/classic/Desktop/Laravel/laravel-file-manager-spatie/vendor/laravel/framework/src/Illuminate/Container/BoundMethod.php(36): Illuminate\\Foundation\\Console\\StorageLinkCommand->handle()
#4 /home/classic/Desktop/Laravel/laravel-file-manager-spatie/vendor/laravel/framework/src/Illuminate/Container/Util.php(40): Illuminate\\Container\\BoundMethod::Illuminate\\Container\\{closure}()
#5 /home/classic/Desktop/Laravel/laravel-file-manager-spatie/vendor/laravel/framework/src/Illuminate/Container/BoundMethod.php(93): Illuminate\\Container\\Util::unwrapIfClosure()
#6 /home/classic/Desktop/Laravel/laravel-file-manager-spatie/vendor/laravel/framework/src/Illuminate/Container/BoundMethod.php(37): Illuminate\\Container\\BoundMethod::callBoundMethod()
#7 /home/classic/Desktop/Laravel/laravel-file-manager-spatie/vendor/laravel/framework/src/Illuminate/Container/Container.php(651): Illuminate\\Container\\BoundMethod::call()
#8 /home/classic/Desktop/Laravel/laravel-file-manager-spatie/vendor/laravel/framework/src/Illuminate/Console/Command.php(136): Illuminate\\Container\\Container->call()
#9 /home/classic/Desktop/Laravel/laravel-file-manager-spatie/vendor/symfony/console/Command/Command.php(299): Illuminate\\Console\\Command->execute()
#10 /home/classic/Desktop/Laravel/laravel-file-manager-spatie/vendor/laravel/framework/src/Illuminate/Console/Command.php(121): Symfony\\Component\\Console\\Command\\Command->run()
#11 /home/classic/Desktop/Laravel/laravel-file-manager-spatie/vendor/symfony/console/Application.php(978): Illuminate\\Console\\Command->run()
#12 /home/classic/Desktop/Laravel/laravel-file-manager-spatie/vendor/symfony/console/Application.php(295): Symfony\\Component\\Console\\Application->doRunCommand()
#13 /home/classic/Desktop/Laravel/laravel-file-manager-spatie/vendor/symfony/console/Application.php(167): Symfony\\Component\\Console\\Application->doRun()
#14 /home/classic/Desktop/Laravel/laravel-file-manager-spatie/vendor/laravel/framework/src/Illuminate/Console/Application.php(92): Symfony\\Component\\Console\\Application->run()
#15 /home/classic/Desktop/Laravel/laravel-file-manager-spatie/vendor/laravel/framework/src/Illuminate/Foundation/Console/Kernel.php(129): Illuminate\\Console\\Application->run()
#16 /home/classic/Desktop/Laravel/laravel-file-manager-spatie/artisan(37): Illuminate\\Foundation\\Console\\Kernel->handle()
#17 {main}
"} 
